[INFO ] 2023-06-09 12:37:25.236 [main] TestBase - Investor Clinic Framework
[INFO ] 2023-06-09 12:37:25.241 [main] TestBase - Framework execution started
[INFO ] 2023-06-09 12:37:45.452 [main] TestBase - Testcase execution started
[INFO ] 2023-06-09 12:38:03.044 [main] TestBase - Testcase execution failed
[INFO ] 2023-06-09 12:38:03.184 [main] TestBase - Testcase execution failed
[INFO ] 2023-06-09 12:38:03.230 [main] TestBase - Framework execution finished
[INFO ] 2023-06-09 13:06:14.446 [main] TestBase - Investor Clinic Framework
[INFO ] 2023-06-09 13:06:14.448 [main] TestBase - Framework execution started
[INFO ] 2023-06-09 13:06:27.093 [main] TestBase - Testcase execution started
[INFO ] 2023-06-09 13:06:27.346 [main] TestBase - clicked login button
[INFO ] 2023-06-09 13:06:42.495 [main] TestBase - Testcase execution failed
[INFO ] 2023-06-09 13:06:42.539 [main] TestBase - Testcase execution failed
[INFO ] 2023-06-09 13:06:42.573 [main] TestBase - Framework execution finished
[INFO ] 2023-06-09 13:55:48.144 [main] TestBase - Investor Clinic Framework
[INFO ] 2023-06-09 13:55:48.147 [main] TestBase - Framework execution started
[INFO ] 2023-06-09 13:56:28.697 [main] TestBase - Testcase execution started
[INFO ] 2023-06-09 13:56:28.709 [main] TestBase - Testcase execution skipped
[INFO ] 2023-06-09 13:57:04.599 [main] TestBase - Investor Clinic Framework
[INFO ] 2023-06-09 13:57:04.602 [main] TestBase - Framework execution started
[INFO ] 2023-06-09 13:57:15.802 [main] TestBase - Testcase execution started
[INFO ] 2023-06-09 13:57:16.086 [main] TestBase - clicked login button
[INFO ] 2023-06-09 13:57:27.900 [main] TestBase - Testcase execution failed
[INFO ] 2023-06-09 13:57:27.950 [main] TestBase - Testcase execution failed
[INFO ] 2023-06-09 13:57:27.964 [main] TestBase - Framework execution finished
[INFO ] 2023-06-09 15:04:39.865 [main] TestBase - Investor Clinic Framework
[INFO ] 2023-06-09 15:04:39.868 [main] TestBase - Framework execution started
[INFO ] 2023-06-09 15:05:11.112 [main] TestBase - Testcase execution started
[INFO ] 2023-06-09 15:05:11.119 [main] TestBase - Testcase execution skipped
[INFO ] 2023-06-09 15:05:44.349 [main] TestBase - Investor Clinic Framework
[INFO ] 2023-06-09 15:05:44.351 [main] TestBase - Framework execution started
[INFO ] 2023-06-09 15:07:24.576 [main] TestBase - Testcase execution started
[INFO ] 2023-06-09 15:07:25.058 [main] TestBase - clicked login button
[INFO ] 2023-06-09 15:07:35.179 [main] TestBase - Testcase execution failed
[INFO ] 2023-06-09 15:07:35.719 [main] TestBase - Framework execution finished
[INFO ] 2023-06-09 15:29:49.489 [main] TestBase - Investor Clinic Framework
[INFO ] 2023-06-09 15:29:49.494 [main] TestBase - Framework execution started
[INFO ] 2023-06-09 15:31:29.169 [main] TestBase - Testcase execution started
[INFO ] 2023-06-09 15:31:29.176 [main] TestBase - Testcase execution skipped
[INFO ] 2023-06-09 15:37:40.666 [main] TestBase - Investor Clinic Framework
[INFO ] 2023-06-09 15:37:40.672 [main] TestBase - Framework execution started
[INFO ] 2023-06-09 15:39:44.573 [main] TestBase - Testcase execution started
[INFO ] 2023-06-09 15:39:45.019 [main] TestBase - clicked login button
[INFO ] 2023-06-09 15:40:13.666 [main] TestBase - Testcase execution failed
[INFO ] 2023-06-09 15:40:13.725 [main] TestBase - Testcase execution failed
[INFO ] 2023-06-09 15:40:13.750 [main] TestBase - Framework execution finished
[INFO ] 2023-06-12 10:32:26.923 [main] TestBase - Investor Clinic Framework
[INFO ] 2023-06-12 10:32:26.926 [main] TestBase - Framework execution started
[INFO ] 2023-06-12 10:33:16.142 [main] TestBase - Testcase execution started
[INFO ] 2023-06-12 10:33:16.603 [main] TestBase - clicked login button
[INFO ] 2023-06-12 10:33:25.523 [main] TestBase - OTP verification Done
[INFO ] 2023-06-12 10:33:34.302 [main] TestBase - Personal details fpr opened
[INFO ] 2023-06-12 10:33:54.771 [main] TestBase - Form submitted succesfully for Builder
[INFO ] 2023-06-12 10:34:07.752 [main] TestBase - Photo upload successfully
[INFO ] 2023-06-12 10:34:08.704 [main] TestBase - KYC form submitted for builder
[INFO ] 2023-06-12 10:34:08.711 [main] TestBase - Testcase execution Passed
[INFO ] 2023-06-12 10:34:08.721 [main] TestBase - Framework execution finished
[INFO ] 2023-06-12 12:34:59.650 [main] TestBase - Investor Clinic Framework
[INFO ] 2023-06-12 12:34:59.653 [main] TestBase - Framework execution started
[INFO ] 2023-06-12 12:36:11.132 [main] TestBase - Testcase execution started
[INFO ] 2023-06-12 12:36:11.144 [main] TestBase - Testcase execution skipped
[INFO ] 2023-06-12 12:39:26.751 [main] TestBase - Investor Clinic Framework
[INFO ] 2023-06-12 12:39:26.754 [main] TestBase - Framework execution started
[INFO ] 2023-06-12 12:39:37.994 [main] TestBase - Testcase execution started
[INFO ] 2023-06-12 12:39:38.220 [main] TestBase - clicked login button
[INFO ] 2023-06-12 12:39:48.023 [main] TestBase - Testcase execution failed
[INFO ] 2023-06-12 12:39:48.063 [main] TestBase - Testcase execution failed
[INFO ] 2023-06-12 12:39:48.083 [main] TestBase - Framework execution finished
[INFO ] 2023-06-12 12:41:32.455 [main] TestBase - Investor Clinic Framework
[INFO ] 2023-06-12 12:41:32.457 [main] TestBase - Framework execution started
[INFO ] 2023-06-12 12:41:43.585 [main] TestBase - Testcase execution started
[INFO ] 2023-06-12 12:41:43.774 [main] TestBase - clicked login button
[INFO ] 2023-06-12 12:41:50.170 [main] TestBase - OTP verification Done
[INFO ] 2023-06-12 12:41:57.616 [main] TestBase - Personal details fpr opened
[INFO ] 2023-06-12 12:42:15.013 [main] TestBase - Form submitted succesfully for Builder
[INFO ] 2023-06-12 12:42:27.717 [main] TestBase - Photo upload successfully
[INFO ] 2023-06-12 12:42:28.120 [main] TestBase - KYC form submitted for builder
[INFO ] 2023-06-12 12:42:28.123 [main] TestBase - Testcase execution Passed
[INFO ] 2023-06-12 12:42:28.126 [main] TestBase - Framework execution finished
[INFO ] 2023-06-12 13:00:18.489 [main] TestBase - Investor Clinic Framework
[INFO ] 2023-06-12 13:00:18.491 [main] TestBase - Framework execution started
[INFO ] 2023-06-12 13:00:30.784 [main] TestBase - Testcase execution started
[INFO ] 2023-06-12 13:00:40.840 [main] TestBase - Testcase execution failed
[INFO ] 2023-06-12 13:00:41.469 [main] TestBase - Browser closed
[INFO ] 2023-06-12 13:00:41.472 [main] TestBase - Framework execution finished
[INFO ] 2023-06-12 13:00:41.478 [main] TestBase - Investor Clinic Framework
[INFO ] 2023-06-12 13:00:41.478 [main] TestBase - Framework execution started
[INFO ] 2023-06-12 13:00:49.120 [main] TestBase - Testcase execution started
[INFO ] 2023-06-12 13:00:59.170 [main] TestBase - Testcase execution failed
[INFO ] 2023-06-12 13:00:59.664 [main] TestBase - Browser closed
[INFO ] 2023-06-12 13:00:59.665 [main] TestBase - Framework execution finished
[INFO ] 2023-06-12 13:00:59.667 [main] TestBase - Investor Clinic Framework
[INFO ] 2023-06-12 13:00:59.668 [main] TestBase - Framework execution started
[INFO ] 2023-06-12 13:01:11.897 [main] TestBase - Testcase execution started
[INFO ] 2023-06-12 13:01:17.052 [main] TestBase - Testcase execution failed
[INFO ] 2023-06-12 13:01:17.072 [main] TestBase - Testcase execution failed
[INFO ] 2023-06-12 13:01:17.079 [main] TestBase - Framework execution finished
[INFO ] 2023-06-12 13:01:42.363 [main] TestBase - Investor Clinic Framework
[INFO ] 2023-06-12 13:01:42.365 [main] TestBase - Framework execution started
[INFO ] 2023-06-12 13:01:55.188 [main] TestBase - Testcase execution started
[INFO ] 2023-06-12 13:02:05.234 [main] TestBase - Testcase execution failed
[INFO ] 2023-06-12 13:02:05.723 [main] TestBase - Browser closed
[INFO ] 2023-06-12 13:02:05.725 [main] TestBase - Framework execution finished
[INFO ] 2023-06-12 13:02:05.727 [main] TestBase - Investor Clinic Framework
[INFO ] 2023-06-12 13:02:05.728 [main] TestBase - Framework execution started
[INFO ] 2023-06-12 13:02:08.930 [main] TestBase - Testcase execution started
[INFO ] 2023-06-12 13:02:08.934 [main] TestBase - Testcase execution skipped
[INFO ] 2023-06-12 13:02:08.938 [main] TestBase - Investor Clinic Framework
[INFO ] 2023-06-12 13:02:08.938 [main] TestBase - Framework execution started
[INFO ] 2023-06-12 13:02:12.873 [main] TestBase - Testcase execution started
[INFO ] 2023-06-12 13:02:12.876 [main] TestBase - Testcase execution skipped
[INFO ] 2023-06-12 13:02:12.880 [main] TestBase - Investor Clinic Framework
[INFO ] 2023-06-12 13:02:12.881 [main] TestBase - Framework execution started
[INFO ] 2023-06-12 13:02:15.265 [main] TestBase - Testcase execution started
[INFO ] 2023-06-12 13:02:15.278 [main] TestBase - Testcase execution skipped
[INFO ] 2023-06-12 13:04:20.292 [main] TestBase - Investor Clinic Framework
[INFO ] 2023-06-12 13:04:20.295 [main] TestBase - Framework execution started
[INFO ] 2023-06-12 13:04:48.699 [main] TestBase - Testcase execution started
[INFO ] 2023-06-12 13:04:58.780 [main] TestBase - Testcase execution failed
[INFO ] 2023-06-12 13:04:59.281 [main] TestBase - Browser closed
[INFO ] 2023-06-12 13:04:59.282 [main] TestBase - Framework execution finished
[INFO ] 2023-06-12 13:04:59.284 [main] TestBase - Investor Clinic Framework
[INFO ] 2023-06-12 13:04:59.284 [main] TestBase - Framework execution started
[INFO ] 2023-06-12 13:05:02.219 [main] TestBase - Testcase execution started
[INFO ] 2023-06-12 13:05:02.222 [main] TestBase - Testcase execution skipped
[INFO ] 2023-06-12 13:05:02.229 [main] TestBase - Investor Clinic Framework
[INFO ] 2023-06-12 13:05:02.229 [main] TestBase - Framework execution started
[INFO ] 2023-06-12 13:05:04.470 [main] TestBase - Testcase execution started
[INFO ] 2023-06-12 13:05:04.476 [main] TestBase - Testcase execution skipped
[INFO ] 2023-06-12 13:05:04.483 [main] TestBase - Investor Clinic Framework
[INFO ] 2023-06-12 13:05:04.483 [main] TestBase - Framework execution started
[INFO ] 2023-06-12 13:05:06.731 [main] TestBase - Testcase execution started
[INFO ] 2023-06-12 13:05:06.735 [main] TestBase - Testcase execution skipped
[INFO ] 2023-06-12 13:05:58.688 [main] TestBase - Investor Clinic Framework
[INFO ] 2023-06-12 13:05:58.690 [main] TestBase - Framework execution started
[INFO ] 2023-06-12 13:06:11.123 [main] TestBase - Testcase execution started
[INFO ] 2023-06-12 13:06:21.201 [main] TestBase - Testcase execution failed
[INFO ] 2023-06-12 13:06:21.675 [main] TestBase - Browser closed
[INFO ] 2023-06-12 13:06:21.677 [main] TestBase - Framework execution finished
[INFO ] 2023-06-12 13:09:04.703 [main] TestBase - Investor Clinic Framework
[INFO ] 2023-06-12 13:09:04.705 [main] TestBase - Framework execution started
[INFO ] 2023-06-12 13:09:18.095 [main] TestBase - Testcase execution started
[INFO ] 2023-06-12 13:09:28.438 [main] TestBase - Testcase execution failed
[INFO ] 2023-06-12 13:09:28.911 [main] TestBase - Browser closed
[INFO ] 2023-06-12 13:09:28.912 [main] TestBase - Framework execution finished
[INFO ] 2023-06-12 13:11:37.212 [main] TestBase - Investor Clinic Framework
[INFO ] 2023-06-12 13:11:37.217 [main] TestBase - Framework execution started
[INFO ] 2023-06-12 13:11:48.594 [main] TestBase - Testcase execution started
[INFO ] 2023-06-12 13:11:57.489 [main] TestBase - Testcase execution failed
[INFO ] 2023-06-12 13:11:57.565 [main] TestBase - Testcase execution failed
[INFO ] 2023-06-12 13:11:57.621 [main] TestBase - Framework execution finished
[INFO ] 2023-06-12 13:15:02.250 [main] TestBase - Investor Clinic Framework
[INFO ] 2023-06-12 13:15:02.252 [main] TestBase - Framework execution started
[INFO ] 2023-06-12 13:15:15.597 [main] TestBase - Testcase execution started
[INFO ] 2023-06-12 13:16:31.624 [main] TestBase - Testcase execution failed
[INFO ] 2023-06-12 13:16:31.686 [main] TestBase - Testcase execution failed
[INFO ] 2023-06-12 13:16:31.700 [main] TestBase - Framework execution finished
[INFO ] 2023-06-12 13:16:58.761 [main] TestBase - Investor Clinic Framework
[INFO ] 2023-06-12 13:16:58.764 [main] TestBase - Framework execution started
[INFO ] 2023-06-12 13:17:10.371 [main] TestBase - Testcase execution started
[INFO ] 2023-06-12 13:17:30.048 [main] TestBase - Testcase execution failed
[INFO ] 2023-06-12 13:17:30.170 [main] TestBase - Framework execution finished
[INFO ] 2023-06-12 13:17:30.172 [main] TestBase - Investor Clinic Framework
[INFO ] 2023-06-12 13:17:30.172 [main] TestBase - Framework execution started
[INFO ] 2023-06-12 13:17:40.781 [main] TestBase - Testcase execution started
[INFO ] 2023-06-12 13:17:46.316 [main] TestBase - Testcase execution Passed
[INFO ] 2023-06-12 13:17:46.318 [main] TestBase - Framework execution finished
[INFO ] 2023-06-12 13:17:46.319 [main] TestBase - Investor Clinic Framework
[INFO ] 2023-06-12 13:17:46.319 [main] TestBase - Framework execution started
[INFO ] 2023-06-12 13:18:43.402 [main] TestBase - Testcase execution started
[INFO ] 2023-06-12 13:18:43.645 [main] TestBase - clicked login button
[INFO ] 2023-06-12 13:18:49.839 [main] TestBase - OTP verification Done
[INFO ] 2023-06-12 13:18:57.693 [main] TestBase - Personal details form opened
[INFO ] 2023-06-12 13:19:15.198 [main] TestBase - Form submitted succesfully for Builder
[INFO ] 2023-06-12 13:20:55.251 [main] TestBase - Testcase execution failed
[INFO ] 2023-06-12 13:20:55.403 [main] TestBase - Framework execution finished
[INFO ] 2023-06-12 13:20:55.403 [main] TestBase - Investor Clinic Framework
[INFO ] 2023-06-12 13:20:55.405 [main] TestBase - Framework execution started
[INFO ] 2023-06-12 13:21:05.651 [main] TestBase - Testcase execution started
[INFO ] 2023-06-12 13:23:39.664 [main] TestBase - Testcase execution failed
[INFO ] 2023-06-12 13:23:39.976 [main] TestBase - Framework execution finished
[INFO ] 2023-06-12 13:32:37.432 [main] TestBase - Investor Clinic Framework
[INFO ] 2023-06-12 13:32:37.435 [main] TestBase - Framework execution started
[INFO ] 2023-06-12 13:32:49.379 [main] TestBase - Testcase execution started
[INFO ] 2023-06-12 13:34:57.089 [main] TestBase - Testcase execution failed
[INFO ] 2023-06-12 13:34:57.119 [main] TestBase - Testcase execution failed
[INFO ] 2023-06-12 13:34:57.128 [main] TestBase - Framework execution finished
[INFO ] 2023-06-14 16:00:58.482 [main] TestBase - Investor Clinic Framework
[INFO ] 2023-06-14 16:00:58.487 [main] TestBase - Framework execution started
[INFO ] 2023-06-14 16:01:34.439 [main] TestBase - Testcase execution started
[INFO ] 2023-06-14 16:03:01.842 [main] TestBase - Testcase execution failed
[INFO ] 2023-06-14 16:03:01.898 [main] TestBase - Testcase execution failed
[INFO ] 2023-06-14 16:03:01.908 [main] TestBase - Framework execution finished
[INFO ] 2023-06-14 16:11:29.406 [main] TestBase - Investor Clinic Framework
[INFO ] 2023-06-14 16:11:29.410 [main] TestBase - Framework execution started
[INFO ] 2023-06-14 16:12:14.575 [main] TestBase - Testcase execution started
[INFO ] 2023-06-14 16:12:15.015 [main] TestBase - clicked login button
[INFO ] 2023-06-14 16:12:27.061 [main] TestBase - OTP verification Done
[INFO ] 2023-06-14 16:12:35.785 [main] TestBase - Personal details form opened
[INFO ] 2023-06-14 16:13:11.635 [main] TestBase - Testcase execution failed
[INFO ] 2023-06-14 16:13:11.685 [main] TestBase - Testcase execution failed
[INFO ] 2023-06-14 16:13:11.701 [main] TestBase - Framework execution finished
[INFO ] 2023-06-14 16:15:15.083 [main] TestBase - Investor Clinic Framework
[INFO ] 2023-06-14 16:15:15.086 [main] TestBase - Framework execution started
[INFO ] 2023-06-14 16:15:51.827 [main] TestBase - Testcase execution started
[INFO ] 2023-06-14 16:15:53.221 [main] TestBase - Testcase execution failed
[INFO ] 2023-06-14 16:15:53.658 [main] TestBase - Framework execution finished
[INFO ] 2023-06-14 16:16:12.759 [main] TestBase - Investor Clinic Framework
[INFO ] 2023-06-14 16:16:12.762 [main] TestBase - Framework execution started
[INFO ] 2023-06-14 16:17:04.674 [main] TestBase - Testcase execution started
[INFO ] 2023-06-14 16:17:05.095 [main] TestBase - clicked login button
[INFO ] 2023-06-14 16:17:13.809 [main] TestBase - OTP verification Done
[INFO ] 2023-06-14 16:17:22.277 [main] TestBase - Personal details form opened
[INFO ] 2023-06-14 16:17:43.656 [main] TestBase - Form submitted succesfully for Builder
[INFO ] 2023-06-14 16:17:56.691 [main] TestBase - Photo upload successfully
[INFO ] 2023-06-14 16:17:57.606 [main] TestBase - KYC form submitted for builder
[INFO ] 2023-06-14 16:17:57.625 [main] TestBase - Testcase execution Passed
[INFO ] 2023-06-14 16:17:57.630 [main] TestBase - Framework execution finished
[INFO ] 2023-06-21 15:25:20.413 [main] TestBase - Investor Clinic Framework
[INFO ] 2023-06-21 15:25:20.416 [main] TestBase - Framework execution started
[INFO ] 2023-06-21 15:25:59.236 [main] TestBase - Testcase execution started
[INFO ] 2023-06-21 15:25:59.260 [main] TestBase - Testcase execution skipped
[INFO ] 2023-06-21 15:26:18.011 [main] TestBase - Investor Clinic Framework
[INFO ] 2023-06-21 15:26:18.017 [main] TestBase - Framework execution started
[INFO ] 2023-06-21 15:26:46.881 [main] TestBase - Testcase execution started
[INFO ] 2023-06-21 15:26:47.145 [main] TestBase - clicked login button
[INFO ] 2023-06-21 15:26:53.279 [main] TestBase - OTP verification Done
[INFO ] 2023-06-21 15:27:01.012 [main] TestBase - Personal details form opened
[INFO ] 2023-06-21 15:28:58.751 [main] TestBase - Testcase execution failed
[INFO ] 2023-06-21 15:28:58.889 [main] TestBase - Framework execution finished
[INFO ] 2023-06-22 18:59:08.692 [main] TestBase - Investor Clinic Framework
[INFO ] 2023-06-22 18:59:08.695 [main] TestBase - Framework execution started
[INFO ] 2023-06-22 18:59:22.967 [main] TestBase - Testcase execution started
[INFO ] 2023-06-22 18:59:23.097 [main] TestBase - clicked login button
[INFO ] 2023-06-22 18:59:36.567 [main] TestBase - OTP verification Done
[INFO ] 2023-06-22 18:59:44.001 [main] TestBase - Personal details form opened
[INFO ] 2023-06-22 19:00:15.339 [main] TestBase - Testcase execution failed
[INFO ] 2023-06-22 19:00:15.400 [main] TestBase - Testcase execution failed
[INFO ] 2023-06-22 19:00:15.426 [main] TestBase - Framework execution finished
[INFO ] 2023-07-04 18:15:23.365 [main] TestBase - Investor Clinic Framework
[INFO ] 2023-07-04 18:15:23.369 [main] TestBase - Framework execution started
[INFO ] 2023-07-04 18:15:47.437 [main] TestBase - Testcase execution started
[INFO ] 2023-07-04 18:15:47.696 [main] TestBase - clicked login button
[INFO ] 2023-07-04 18:16:00.255 [main] TestBase - Testcase execution failed
[INFO ] 2023-07-04 18:16:00.306 [main] TestBase - Testcase execution failed
[INFO ] 2023-07-04 18:16:00.327 [main] TestBase - Framework execution finished
[INFO ] 2023-07-05 10:29:39.537 [main] TestBase - Investor Clinic Framework
[INFO ] 2023-07-05 10:29:39.540 [main] TestBase - Framework execution started
[INFO ] 2023-07-05 10:29:54.900 [main] TestBase - Testcase execution started
[INFO ] 2023-07-05 10:29:55.118 [main] TestBase - clicked login button
[INFO ] 2023-07-05 10:31:39.310 [main] TestBase - Testcase execution failed
[INFO ] 2023-07-05 10:31:39.519 [main] TestBase - Framework execution finished
[INFO ] 2023-07-05 12:01:13.501 [main] TestBase - Investor Clinic Framework
[INFO ] 2023-07-05 12:01:13.504 [main] TestBase - Framework execution started
[INFO ] 2023-07-05 12:01:43.413 [main] TestBase - Testcase execution started
[INFO ] 2023-07-05 12:01:43.433 [main] TestBase - Testcase execution skipped
[INFO ] 2023-07-05 12:02:59.106 [main] TestBase - Investor Clinic Framework
[INFO ] 2023-07-05 12:02:59.108 [main] TestBase - Framework execution started
[INFO ] 2023-07-05 12:04:02.215 [main] TestBase - Testcase execution started
[INFO ] 2023-07-05 12:04:02.439 [main] TestBase - clicked login button
[INFO ] 2023-07-05 12:04:16.935 [main] TestBase - OTP verification Done
[INFO ] 2023-07-05 12:04:25.232 [main] TestBase - Personal details form opened
[INFO ] 2023-07-05 12:04:43.843 [main] TestBase - Form submitted succesfully for Builder
[INFO ] 2023-07-05 12:04:56.604 [main] TestBase - Photo upload successfully
[INFO ] 2023-07-05 12:04:57.040 [main] TestBase - KYC form submitted for builder
[INFO ] 2023-07-05 12:04:57.043 [main] TestBase - Testcase execution Passed
[INFO ] 2023-07-05 12:04:57.046 [main] TestBase - Framework execution finished
[INFO ] 2023-07-05 12:15:25.984 [main] TestBase - Investor Clinic Framework
[INFO ] 2023-07-05 12:15:25.988 [main] TestBase - Framework execution started
[INFO ] 2023-07-05 12:16:08.500 [main] TestBase - Testcase execution started
[INFO ] 2023-07-05 12:16:25.590 [main] TestBase - Testcase execution failed
[INFO ] 2023-07-05 12:16:25.704 [main] TestBase - Framework execution finished
[INFO ] 2023-07-05 12:18:19.469 [main] TestBase - Investor Clinic Framework
[INFO ] 2023-07-05 12:18:19.472 [main] TestBase - Framework execution started
[INFO ] 2023-07-05 12:18:52.314 [main] TestBase - Testcase execution started
[INFO ] 2023-07-05 12:19:10.744 [main] TestBase - Testcase execution failed
[INFO ] 2023-07-05 12:19:10.871 [main] TestBase - Framework execution finished
[INFO ] 2023-07-05 12:25:30.050 [main] TestBase - Investor Clinic Framework
[INFO ] 2023-07-05 12:25:30.052 [main] TestBase - Framework execution started
[INFO ] 2023-07-05 12:25:53.017 [main] TestBase - Testcase execution started
[INFO ] 2023-07-05 12:25:53.025 [main] TestBase - Testcase execution skipped
[INFO ] 2023-07-05 12:26:11.472 [main] TestBase - Investor Clinic Framework
[INFO ] 2023-07-05 12:26:11.476 [main] TestBase - Framework execution started
[INFO ] 2023-07-05 12:27:35.790 [main] TestBase - Testcase execution started
[INFO ] 2023-07-05 12:27:46.123 [main] TestBase - Testcase execution failed
[INFO ] 2023-07-05 12:27:46.304 [main] TestBase - Framework execution finished
[INFO ] 2023-07-05 12:39:32.539 [main] TestBase - Investor Clinic Framework
[INFO ] 2023-07-05 12:39:32.541 [main] TestBase - Framework execution started
[INFO ] 2023-07-05 12:41:12.721 [main] TestBase - Testcase execution started
[INFO ] 2023-07-05 12:41:12.734 [main] TestBase - Testcase execution skipped
[INFO ] 2023-07-05 12:43:28.988 [main] TestBase - Investor Clinic Framework
[INFO ] 2023-07-05 12:43:28.990 [main] TestBase - Framework execution started
[INFO ] 2023-07-05 12:44:32.655 [main] TestBase - Testcase execution started
[INFO ] 2023-07-05 12:44:42.954 [main] TestBase - Testcase execution failed
[INFO ] 2023-07-05 12:44:43.133 [main] TestBase - Framework execution finished
[INFO ] 2023-07-05 12:46:43.862 [main] TestBase - Investor Clinic Framework
[INFO ] 2023-07-05 12:46:43.865 [main] TestBase - Framework execution started
[INFO ] 2023-07-05 12:47:39.080 [main] TestBase - Testcase execution started
[INFO ] 2023-07-05 12:47:55.540 [main] TestBase - Testcase execution failed
[INFO ] 2023-07-05 12:47:55.653 [main] TestBase - Framework execution finished
[INFO ] 2023-07-05 12:49:57.932 [main] TestBase - Investor Clinic Framework
[INFO ] 2023-07-05 12:49:57.934 [main] TestBase - Framework execution started
[INFO ] 2023-07-05 12:51:07.497 [main] TestBase - Testcase execution started
[INFO ] 2023-07-05 12:51:12.801 [main] TestBase - Testcase execution failed
[INFO ] 2023-07-05 12:51:13.037 [main] TestBase - Framework execution finished
[INFO ] 2023-07-05 12:53:08.759 [main] TestBase - Investor Clinic Framework
[INFO ] 2023-07-05 12:53:08.762 [main] TestBase - Framework execution started
[INFO ] 2023-07-05 12:53:37.152 [main] TestBase - Testcase execution started
[INFO ] 2023-07-05 12:53:37.156 [main] TestBase - Testcase execution skipped
[INFO ] 2023-07-05 12:53:56.937 [main] TestBase - Investor Clinic Framework
[INFO ] 2023-07-05 12:53:56.940 [main] TestBase - Framework execution started
[INFO ] 2023-07-05 12:54:32.288 [main] TestBase - Testcase execution started
[INFO ] 2023-07-05 12:54:37.595 [main] TestBase - Testcase execution failed
[INFO ] 2023-07-05 12:54:37.800 [main] TestBase - Framework execution finished
[INFO ] 2023-07-05 12:56:40.934 [main] TestBase - Investor Clinic Framework
[INFO ] 2023-07-05 12:56:40.938 [main] TestBase - Framework execution started
[INFO ] 2023-07-05 12:57:03.084 [main] TestBase - Testcase execution started
[INFO ] 2023-07-05 12:57:03.379 [main] TestBase - Testcase execution failed
[INFO ] 2023-07-05 12:57:03.503 [main] TestBase - Framework execution finished
[INFO ] 2023-07-05 12:58:27.849 [main] TestBase - Investor Clinic Framework
[INFO ] 2023-07-05 12:58:27.852 [main] TestBase - Framework execution started
[INFO ] 2023-07-05 12:59:04.631 [main] TestBase - Testcase execution started
[INFO ] 2023-07-05 12:59:04.858 [main] TestBase - clicked login button
[INFO ] 2023-07-05 12:59:04.896 [main] TestBase - Testcase execution failed
[INFO ] 2023-07-05 12:59:05.038 [main] TestBase - Framework execution finished
[INFO ] 2023-07-05 13:10:07.348 [main] TestBase - Investor Clinic Framework
[INFO ] 2023-07-05 13:10:07.353 [main] TestBase - Framework execution started
[INFO ] 2023-07-05 13:10:21.794 [main] TestBase - Testcase execution started
[INFO ] 2023-07-05 13:10:21.828 [main] TestBase - Testcase execution failed
[INFO ] 2023-07-05 13:10:21.903 [main] TestBase - Framework execution finished
[INFO ] 2023-07-05 13:16:43.771 [main] TestBase - Investor Clinic Framework
[INFO ] 2023-07-05 13:16:43.779 [main] TestBase - Framework execution started
[INFO ] 2023-07-05 13:17:11.136 [main] TestBase - Testcase execution started
[INFO ] 2023-07-05 13:17:11.141 [main] TestBase - Testcase execution skipped
[INFO ] 2023-07-05 13:17:34.034 [main] TestBase - Investor Clinic Framework
[INFO ] 2023-07-05 13:17:34.037 [main] TestBase - Framework execution started
[INFO ] 2023-07-05 13:18:09.213 [main] TestBase - Testcase execution started
[INFO ] 2023-07-05 13:18:09.448 [main] TestBase - clicked login button
[INFO ] 2023-07-05 13:18:09.482 [main] TestBase - Testcase execution failed
[INFO ] 2023-07-05 13:18:09.640 [main] TestBase - Framework execution finished
[INFO ] 2023-07-05 13:22:53.913 [main] TestBase - Investor Clinic Framework
[INFO ] 2023-07-05 13:22:53.918 [main] TestBase - Framework execution started
[INFO ] 2023-07-05 13:23:33.651 [main] TestBase - Testcase execution started
[INFO ] 2023-07-05 13:23:33.886 [main] TestBase - clicked login button
[INFO ] 2023-07-05 13:23:33.932 [main] TestBase - Testcase execution failed
[INFO ] 2023-07-05 13:23:34.115 [main] TestBase - Framework execution finished
[INFO ] 2023-07-05 14:35:12.175 [main] TestBase - Investor Clinic Framework
[INFO ] 2023-07-05 14:35:12.178 [main] TestBase - Framework execution started
[INFO ] 2023-07-05 14:35:50.100 [main] TestBase - Testcase execution started
[INFO ] 2023-07-05 14:35:50.292 [main] TestBase - clicked login button
[INFO ] 2023-07-05 14:35:50.329 [main] TestBase - Testcase execution failed
[INFO ] 2023-07-05 14:35:50.474 [main] TestBase - Framework execution finished
[INFO ] 2023-07-05 14:42:51.663 [main] TestBase - Investor Clinic Framework
[INFO ] 2023-07-05 14:42:51.668 [main] TestBase - Framework execution started
[INFO ] 2023-07-05 14:43:38.683 [main] TestBase - Testcase execution started
[INFO ] 2023-07-05 14:43:39.017 [main] TestBase - clicked login button
[INFO ] 2023-07-05 14:43:39.078 [main] TestBase - Testcase execution failed
[INFO ] 2023-07-05 14:43:39.230 [main] TestBase - Framework execution finished
[INFO ] 2023-07-05 15:04:55.346 [main] TestBase - Investor Clinic Framework
[INFO ] 2023-07-05 15:04:55.351 [main] TestBase - Framework execution started
[INFO ] 2023-07-05 15:05:17.939 [main] TestBase - Testcase execution started
[INFO ] 2023-07-05 15:05:18.155 [main] TestBase - clicked login button
[INFO ] 2023-07-05 15:05:30.716 [main] TestBase - Testcase execution failed
[INFO ] 2023-07-05 15:05:30.758 [main] TestBase - Testcase execution failed
[INFO ] 2023-07-05 15:05:30.774 [main] TestBase - Framework execution finished
[INFO ] 2023-07-05 15:06:49.177 [main] TestBase - Investor Clinic Framework
[INFO ] 2023-07-05 15:06:49.180 [main] TestBase - Framework execution started
[INFO ] 2023-07-05 15:07:55.556 [main] TestBase - Testcase execution started
[INFO ] 2023-07-05 15:07:55.840 [main] TestBase - clicked login button
[INFO ] 2023-07-05 15:08:05.895 [main] TestBase - Testcase execution failed
[INFO ] 2023-07-05 15:08:06.097 [main] TestBase - Framework execution finished
[INFO ] 2023-07-05 15:08:51.757 [main] TestBase - Investor Clinic Framework
[INFO ] 2023-07-05 15:08:51.761 [main] TestBase - Framework execution started
[INFO ] 2023-07-05 15:10:10.050 [main] TestBase - Testcase execution started
[INFO ] 2023-07-05 15:10:10.063 [main] TestBase - Testcase execution skipped
[INFO ] 2023-07-05 16:14:46.356 [main] TestBase - Investor Clinic Framework
[INFO ] 2023-07-05 16:14:46.360 [main] TestBase - Framework execution started
[INFO ] 2023-07-05 16:15:33.030 [main] TestBase - Testcase execution started
[INFO ] 2023-07-05 16:15:33.040 [main] TestBase - Testcase execution skipped
